<?xml version="1.0" encoding="UTF-8"?>
<testsuite xmlns:xsi="http://www.w3.org/2001/XMLSchema-instance" xsi:noNamespaceSchemaLocation="https://maven.apache.org/surefire/maven-surefire-plugin/xsd/surefire-test-report.xsd" name="com.wongnai.interview.movie.external.MovieDataServiceImplIntegrationTest" time="4.158" tests="2" errors="2" skipped="0" failures="0">
  <properties>
[...]
</properties>
  <testcase name="testMappingDataCorrectly" classname="com.wongnai.interview.movie.external.MovieDataServiceImplIntegrationTest" time="0.045">
    <error type="java.lang.NullPointerException">java.lang.NullPointerException
	at com.wongnai.interview.movie.external.MovieDataServiceImplIntegrationTest.testMappingDataCorrectly(MovieDataServiceImplIntegrationTest.java:29)
</error>
    <system-out><![CDATA[13:08:03.677 [main] DEBUG org.springframework.test.context.junit4.SpringJUnit4ClassRunner - SpringJUnit4ClassRunner constructor called with [class com.wongnai.interview.movie.external.MovieDataServiceImplIntegrationTest]
13:08:03.680 [main] DEBUG org.springframework.test.context.BootstrapUtils - Instantiating CacheAwareContextLoaderDelegate from class [org.springframework.test.context.cache.DefaultCacheAwareContextLoaderDelegate]
13:08:03.686 [main] DEBUG org.springframework.test.context.BootstrapUtils - Instantiating BootstrapContext using constructor [public org.springframework.test.context.support.DefaultBootstrapContext(java.lang.Class,org.springframework.test.context.CacheAwareContextLoaderDelegate)]
13:08:03.700 [main] DEBUG org.springframework.test.context.BootstrapUtils - Instantiating TestContextBootstrapper for test class [com.wongnai.interview.movie.external.MovieDataServiceImplIntegrationTest] from class [org.springframework.boot.test.context.SpringBootTestContextBootstrapper]
13:08:03.709 [main] INFO org.springframework.boot.test.context.SpringBootTestContextBootstrapper - Neither @ContextConfiguration nor @ContextHierarchy found for test class [com.wongnai.interview.movie.external.MovieDataServiceImplIntegrationTest], using SpringBootContextLoader
13:08:03.712 [main] DEBUG org.springframework.test.context.support.AbstractContextLoader - Did not detect default resource location for test class [com.wongnai.interview.movie.external.MovieDataServiceImplIntegrationTest]: class path resource [com/wongnai/interview/movie/external/MovieDataServiceImplIntegrationTest-context.xml] does not exist
13:08:03.712 [main] DEBUG org.springframework.test.context.support.AbstractContextLoader - Did not detect default resource location for test class [com.wongnai.interview.movie.external.MovieDataServiceImplIntegrationTest]: class path resource [com/wongnai/interview/movie/external/MovieDataServiceImplIntegrationTestContext.groovy] does not exist
13:08:03.712 [main] INFO org.springframework.test.context.support.AbstractContextLoader - Could not detect default resource locations for test class [com.wongnai.interview.movie.external.MovieDataServiceImplIntegrationTest]: no resource found for suffixes {-context.xml, Context.groovy}.
13:08:03.713 [main] INFO org.springframework.test.context.support.AnnotationConfigContextLoaderUtils - Could not detect default configuration classes for test class [com.wongnai.interview.movie.external.MovieDataServiceImplIntegrationTest]: MovieDataServiceImplIntegrationTest does not declare any static, non-private, non-final, nested classes annotated with @Configuration.
13:08:03.742 [main] DEBUG org.springframework.test.context.support.ActiveProfilesUtils - Could not find an 'annotation declaring class' for annotation type [org.springframework.test.context.ActiveProfiles] and class [com.wongnai.interview.movie.external.MovieDataServiceImplIntegrationTest]
13:08:03.820 [main] DEBUG org.springframework.context.annotation.ClassPathScanningCandidateComponentProvider - Identified candidate component class: file [C:\Users\nutnu\Desktop\Lineman\java-homework-maki\java-homework-maki\target\classes\com\wongnai\interview\Application.class]
13:08:03.821 [main] INFO org.springframework.boot.test.context.SpringBootTestContextBootstrapper - Found @SpringBootConfiguration com.wongnai.interview.Application for test class com.wongnai.interview.movie.external.MovieDataServiceImplIntegrationTest
13:08:03.892 [main] DEBUG org.springframework.boot.test.context.SpringBootTestContextBootstrapper - @TestExecutionListeners is not present for class [com.wongnai.interview.movie.external.MovieDataServiceImplIntegrationTest]: using defaults.
13:08:03.893 [main] INFO org.springframework.boot.test.context.SpringBootTestContextBootstrapper - Loaded default TestExecutionListener class names from location [META-INF/spring.factories]: [org.springframework.boot.test.mock.mockito.MockitoTestExecutionListener, org.springframework.boot.test.mock.mockito.ResetMocksTestExecutionListener, org.springframework.boot.test.autoconfigure.restdocs.RestDocsTestExecutionListener, org.springframework.boot.test.autoconfigure.web.client.MockRestServiceServerResetTestExecutionListener, org.springframework.boot.test.autoconfigure.web.servlet.MockMvcPrintOnlyOnFailureTestExecutionListener, org.springframework.boot.test.autoconfigure.web.servlet.WebDriverTestExecutionListener, org.springframework.test.context.web.ServletTestExecutionListener, org.springframework.test.context.support.DirtiesContextBeforeModesTestExecutionListener, org.springframework.test.context.support.DependencyInjectionTestExecutionListener, org.springframework.test.context.support.DirtiesContextTestExecutionListener, org.springframework.test.context.transaction.TransactionalTestExecutionListener, org.springframework.test.context.jdbc.SqlScriptsTestExecutionListener]
13:08:03.907 [main] INFO org.springframework.boot.test.context.SpringBootTestContextBootstrapper - Using TestExecutionListeners: [org.springframework.test.context.web.ServletTestExecutionListener@36ebc363, org.springframework.test.context.support.DirtiesContextBeforeModesTestExecutionListener@45752059, org.springframework.boot.test.mock.mockito.MockitoTestExecutionListener@34e9fd99, org.springframework.boot.test.autoconfigure.SpringBootDependencyInjectionTestExecutionListener@3c41ed1d, org.springframework.test.context.support.DirtiesContextTestExecutionListener@54d9d12d, org.springframework.test.context.transaction.TransactionalTestExecutionListener@38425407, org.springframework.test.context.jdbc.SqlScriptsTestExecutionListener@43bc63a3, org.springframework.boot.test.mock.mockito.ResetMocksTestExecutionListener@702657cc, org.springframework.boot.test.autoconfigure.restdocs.RestDocsTestExecutionListener@6a6cb05c, org.springframework.boot.test.autoconfigure.web.client.MockRestServiceServerResetTestExecutionListener@40a4337a, org.springframework.boot.test.autoconfigure.web.servlet.MockMvcPrintOnlyOnFailureTestExecutionListener@6025e1b6, org.springframework.boot.test.autoconfigure.web.servlet.WebDriverTestExecutionListener@22ff4249]
13:08:03.908 [main] DEBUG org.springframework.test.annotation.ProfileValueUtils - Retrieved @ProfileValueSourceConfiguration [null] for test class [com.wongnai.interview.movie.external.MovieDataServiceImplIntegrationTest]
13:08:03.909 [main] DEBUG org.springframework.test.annotation.ProfileValueUtils - Retrieved ProfileValueSource type [class org.springframework.test.annotation.SystemProfileValueSource] for class [com.wongnai.interview.movie.external.MovieDataServiceImplIntegrationTest]
13:08:03.910 [main] DEBUG org.springframework.test.annotation.ProfileValueUtils - Retrieved @ProfileValueSourceConfiguration [null] for test class [com.wongnai.interview.movie.external.MovieDataServiceImplIntegrationTest]
13:08:03.910 [main] DEBUG org.springframework.test.annotation.ProfileValueUtils - Retrieved ProfileValueSource type [class org.springframework.test.annotation.SystemProfileValueSource] for class [com.wongnai.interview.movie.external.MovieDataServiceImplIntegrationTest]
13:08:03.910 [main] DEBUG org.springframework.test.annotation.ProfileValueUtils - Retrieved @ProfileValueSourceConfiguration [null] for test class [com.wongnai.interview.movie.external.MovieDataServiceImplIntegrationTest]
13:08:03.910 [main] DEBUG org.springframework.test.annotation.ProfileValueUtils - Retrieved ProfileValueSource type [class org.springframework.test.annotation.SystemProfileValueSource] for class [com.wongnai.interview.movie.external.MovieDataServiceImplIntegrationTest]
13:08:03.913 [main] DEBUG org.springframework.test.context.support.AbstractDirtiesContextTestExecutionListener - Before test class: context [DefaultTestContext@5bda8e08 testClass = MovieDataServiceImplIntegrationTest, testInstance = [null], testMethod = [null], testException = [null], mergedContextConfiguration = [WebMergedContextConfiguration@1e800aaa testClass = MovieDataServiceImplIntegrationTest, locations = '{}', classes = '{class com.wongnai.interview.Application}', contextInitializerClasses = '[]', activeProfiles = '{}', propertySourceLocations = '{}', propertySourceProperties = '{org.springframework.boot.test.context.SpringBootTestContextBootstrapper=true}', contextCustomizers = set[org.springframework.boot.test.context.filter.ExcludeFilterContextCustomizer@7a30d1e6, org.springframework.boot.test.json.DuplicateJsonObjectContextCustomizerFactory$DuplicateJsonObjectContextCustomizer@8e24743, org.springframework.boot.test.mock.mockito.MockitoContextCustomizer@0, org.springframework.boot.test.web.client.TestRestTemplateContextCustomizer@6ec8211c, org.springframework.boot.test.autoconfigure.properties.PropertyMappingContextCustomizer@0, org.springframework.boot.test.autoconfigure.web.servlet.WebDriverContextCustomizerFactory$Customizer@78186a70], resourceBasePath = 'src/main/webapp', contextLoader = 'org.springframework.boot.test.context.SpringBootContextLoader', parent = [null]], attributes = map['org.springframework.test.context.web.ServletTestExecutionListener.activateListener' -> true]], class annotated with @DirtiesContext [false] with mode [null].
13:08:03.913 [main] DEBUG org.springframework.test.annotation.ProfileValueUtils - Retrieved @ProfileValueSourceConfiguration [null] for test class [com.wongnai.interview.movie.external.MovieDataServiceImplIntegrationTest]
13:08:03.913 [main] DEBUG org.springframework.test.annotation.ProfileValueUtils - Retrieved ProfileValueSource type [class org.springframework.test.annotation.SystemProfileValueSource] for class [com.wongnai.interview.movie.external.MovieDataServiceImplIntegrationTest]
13:08:03.928 [main] DEBUG org.springframework.test.context.support.TestPropertySourceUtils - Adding inlined properties to environment: {spring.jmx.enabled=false, org.springframework.boot.test.context.SpringBootTestContextBootstrapper=true, server.port=-1}

  .   ____          _            __ _ _
 /\\ / ___'_ __ _ _(_)_ __  __ _ \ \ \ \
( ( )\___ | '_ | '_| | '_ \/ _` | \ \ \ \
 \\/  ___)| |_)| | | | | || (_| |  ) ) ) )
  '  |____| .__|_| |_|_| |_\__, | / / / /
 =========|_|==============|___/=/_/_/_/
 :: Spring Boot ::        (v2.1.3.RELEASE)

2022-10-18 13:08:04.096  INFO 12324 --- [           main] .m.e.MovieDataServiceImplIntegrationTest : Starting MovieDataServiceImplIntegrationTest on DESKTOP-7E4M1PB with PID 12324 (started by nutnu in C:\Users\nutnu\Desktop\Lineman\java-homework-maki\java-homework-maki)
2022-10-18 13:08:04.097  INFO 12324 --- [           main] .m.e.MovieDataServiceImplIntegrationTest : No active profile set, falling back to default profiles: default
2022-10-18 13:08:04.431  INFO 12324 --- [           main] .s.d.r.c.RepositoryConfigurationDelegate : Bootstrapping Spring Data repositories in DEFAULT mode.
2022-10-18 13:08:04.490  INFO 12324 --- [           main] .s.d.r.c.RepositoryConfigurationDelegate : Finished Spring Data repository scanning in 45ms. Found 1 repository interfaces.
2022-10-18 13:08:04.858  INFO 12324 --- [           main] trationDelegate$BeanPostProcessorChecker : Bean 'org.springframework.transaction.annotation.ProxyTransactionManagementConfiguration' of type [org.springframework.transaction.annotation.ProxyTransactionManagementConfiguration$$EnhancerBySpringCGLIB$$2d2f5bec] is not eligible for getting processed by all BeanPostProcessors (for example: not eligible for auto-proxying)
2022-10-18 13:08:04.996  INFO 12324 --- [           main] com.zaxxer.hikari.HikariDataSource       : HikariPool-1 - Starting...
2022-10-18 13:08:04.999  WARN 12324 --- [           main] com.zaxxer.hikari.util.DriverDataSource  : Registered driver with driverClassName=org.hsqldb.jdbcDriver was not found, trying direct instantiation.
2022-10-18 13:08:05.254  INFO 12324 --- [           main] com.zaxxer.hikari.pool.PoolBase          : HikariPool-1 - Driver does not support get/set network timeout for connections. (feature not supported)
2022-10-18 13:08:05.256  INFO 12324 --- [           main] com.zaxxer.hikari.HikariDataSource       : HikariPool-1 - Start completed.
2022-10-18 13:08:05.308  INFO 12324 --- [           main] o.hibernate.jpa.internal.util.LogHelper  : HHH000204: Processing PersistenceUnitInfo [
	name: default
	...]
2022-10-18 13:08:05.362  INFO 12324 --- [           main] org.hibernate.Version                    : HHH000412: Hibernate Core {5.3.7.Final}
2022-10-18 13:08:05.363  INFO 12324 --- [           main] org.hibernate.cfg.Environment            : HHH000206: hibernate.properties not found
2022-10-18 13:08:05.473  INFO 12324 --- [           main] o.hibernate.annotations.common.Version   : HCANN000001: Hibernate Commons Annotations {5.0.4.Final}
2022-10-18 13:08:05.814  INFO 12324 --- [           main] org.hibernate.dialect.Dialect            : HHH000400: Using dialect: org.hibernate.dialect.HSQLDialect
2022-10-18 13:08:06.344  INFO 12324 --- [           main] j.LocalContainerEntityManagerFactoryBean : Initialized JPA EntityManagerFactory for persistence unit 'default'
2022-10-18 13:08:06.665  INFO 12324 --- [           main] o.h.h.i.QueryTranslatorFactoryInitiator  : HHH000397: Using ASTQueryTranslatorFactory
2022-10-18 13:08:07.248  INFO 12324 --- [           main] o.s.s.concurrent.ThreadPoolTaskExecutor  : Initializing ExecutorService 'applicationTaskExecutor'
2022-10-18 13:08:07.297  WARN 12324 --- [           main] aWebConfiguration$JpaWebMvcConfiguration : spring.jpa.open-in-view is enabled by default. Therefore, database queries may be performed during view rendering. Explicitly configure spring.jpa.open-in-view to disable this warning
2022-10-18 13:08:07.658  INFO 12324 --- [           main] .m.e.MovieDataServiceImplIntegrationTest : Started MovieDataServiceImplIntegrationTest in 3.723 seconds (JVM running for 4.312)
]]></system-out>
  </testcase>
  <testcase name="testFetchAll" classname="com.wongnai.interview.movie.external.MovieDataServiceImplIntegrationTest" time="0.002">
    <error type="java.lang.NullPointerException">java.lang.NullPointerException
	at com.wongnai.interview.movie.external.MovieDataServiceImplIntegrationTest.testFetchAll(MovieDataServiceImplIntegrationTest.java:23)
</error>
  </testcase>
</testsuite>