<?xml version="1.0" encoding="UTF-8"?>
<testsuite xmlns:xsi="http://www.w3.org/2001/XMLSchema-instance" xsi:noNamespaceSchemaLocation="https://maven.apache.org/surefire/maven-surefire-plugin/xsd/surefire-test-report.xsd" name="com.wongnai.interview.movie.external.MovieDataServiceImplIntegrationTest" time="14.294" tests="2" errors="0" skipped="0" failures="0">
  <properties>
[...]
</properties>
  <testcase name="testMappingDataCorrectly" classname="com.wongnai.interview.movie.external.MovieDataServiceImplIntegrationTest" time="1.935"/>
  <testcase name="testFetchAll" classname="com.wongnai.interview.movie.external.MovieDataServiceImplIntegrationTest" time="2.27"/>
</testsuite>